<?xml version="1.0" encoding="UTF-8"?>
<testng-results skipped="0" failed="0" total="1" passed="1">
  <reporter-output>
  </reporter-output>
  <suite name="Default suite" duration-ms="286" started-at="2020-07-26T07:20:19Z" finished-at="2020-07-26T07:20:20Z">
    <groups>
      <group name="cucumber">
        <method signature="AbstractTestNGCucumberTests.feature(cucumber.api.testng.CucumberFeatureWrapper)[pri:0, instance:com.kayak.runner.TestrRunner1@a4102b8]" name="feature" class="cucumber.api.testng.AbstractTestNGCucumberTests"/>
      </group> <!-- cucumber -->
    </groups>
    <test name="Default test" duration-ms="286" started-at="2020-07-26T07:20:19Z" finished-at="2020-07-26T07:20:20Z">
      <class name="com.kayak.runner.TestrRunner1">
        <test-method status="PASS" signature="setUpClass()[pri:0, instance:com.kayak.runner.TestrRunner1@a4102b8]" name="setUpClass" is-config="true" duration-ms="174" started-at="2020-07-26T00:20:19Z" finished-at="2020-07-26T00:20:20Z">
          <reporter-output>
          </reporter-output>
        </test-method> <!-- setUpClass -->
        <test-method status="PASS" signature="feature(cucumber.api.testng.CucumberFeatureWrapper)[pri:0, instance:com.kayak.runner.TestrRunner1@a4102b8]" name="feature" duration-ms="25" started-at="2020-07-26T00:20:20Z" description="Runs Cucumber Feature" data-provider="features" finished-at="2020-07-26T00:20:20Z">
          <params>
            <param index="0">
              <value>
                <![CDATA[checking functionality of kayak website]]>
              </value>
            </param>
          </params>
          <reporter-output>
          </reporter-output>
        </test-method> <!-- feature -->
        <test-method status="PASS" signature="tearDownClass()[pri:0, instance:com.kayak.runner.TestrRunner1@a4102b8]" name="tearDownClass" is-config="true" duration-ms="21" started-at="2020-07-26T00:20:20Z" finished-at="2020-07-26T00:20:20Z">
          <reporter-output>
          </reporter-output>
        </test-method> <!-- tearDownClass -->
      </class> <!-- com.kayak.runner.TestrRunner1 -->
    </test> <!-- Default test -->
  </suite> <!-- Default suite -->
</testng-results>
